[INFO] Scanning for projects...
[WARNING] 
[WARNING] Some problems were encountered while building the effective model for org.apache.hadoop:hadoop-ozone-tools:jar:0.5.0-SNAPSHOT
[WARNING] 'dependencies.dependency.(groupId:artifactId:type:classifier)' must be unique: io.dropwizard.metrics:metrics-core:jar -> version 3.2.4 vs (?) @ line 94, column 17
[WARNING] 
[WARNING] It is highly recommended to fix these problems because they threaten the stability of your build.
[WARNING] 
[WARNING] For this reason, future Maven versions might no longer support building such malformed projects.
[WARNING] 
[INFO] ------------------------------------------------------------------------
[INFO] Detecting the operating system and CPU architecture
[INFO] ------------------------------------------------------------------------
[INFO] os.detected.name: linux
[INFO] os.detected.arch: x86_64
[INFO] os.detected.version: 3.10
[INFO] os.detected.version.major: 3
[INFO] os.detected.version.minor: 10
[INFO] os.detected.release: alpine
[INFO] os.detected.release.version: 3.8.2
[INFO] os.detected.release.like.alpine: true
[INFO] os.detected.classifier: linux-x86_64
[INFO] ------------------------------------------------------------------------
[INFO] Reactor Build Order:
[INFO] 
[INFO] Apache Hadoop Ozone Main                                           [pom]
[INFO] Apache Hadoop HDDS                                                 [pom]
[INFO] Apache Hadoop HDDS Config                                          [jar]
[INFO] Apache Hadoop HDDS Common                                          [jar]
[INFO] Apache Hadoop HDDS Client                                          [jar]
[INFO] Apache Hadoop HDDS Server Framework                                [jar]
[INFO] Apache Hadoop HDDS Container Service                               [jar]
[INFO] Apache Hadoop HDDS/Ozone Documentation                             [jar]
[INFO] Apache Hadoop HDDS SCM Server                                      [jar]
[INFO] Apache Hadoop HDDS Tools                                           [jar]
[INFO] Apache Hadoop Ozone                                                [pom]
[INFO] Apache Hadoop Ozone Common                                         [jar]
[INFO] Apache Hadoop Ozone Client                                         [jar]
[INFO] Apache Hadoop Ozone Manager Server                                 [jar]
[INFO] Apache Hadoop Ozone S3 Gateway                                     [jar]
[INFO] Apache Hadoop Ozone CSI service                                    [jar]
[INFO] Apache Hadoop Ozone Recon CodeGen                                  [jar]
[INFO] Apache Hadoop Ozone Recon                                          [jar]
[INFO] Apache Hadoop Ozone FileSystem Single Jar Library                  [jar]
[INFO] Apache Hadoop Ozone FileSystem Legacy Jar Library                  [jar]
[INFO] Apache Hadoop Ozone Datanode                                       [jar]
[INFO] Apache Hadoop Ozone In-Place Upgrade                               [jar]
[INFO] Apache Hadoop Ozone Insight Tool                                   [jar]
[INFO] Apache Hadoop Ozone Distribution                                   [pom]
[INFO] Apache Hadoop Ozone Fault Injection Tests                          [pom]
[INFO] Apache Hadoop Ozone Network Tests                                  [jar]
[INFO] 
[INFO] ----------------< org.apache.hadoop:hadoop-main-ozone >-----------------
[INFO] Building Apache Hadoop Ozone Main 0.5.0-SNAPSHOT                  [1/26]
[INFO] --------------------------------[ pom ]---------------------------------
[INFO] 
[INFO] --- maven-antrun-plugin:1.3:run (create-testdirs) @ hadoop-main-ozone ---
[INFO] Executing tasks
[INFO] Executed tasks
[INFO] 
[INFO] --- maven-remote-resources-plugin:1.5:process (default) @ hadoop-main-ozone ---
[INFO] 
[INFO] -------------------< org.apache.hadoop:hadoop-hdds >--------------------
[INFO] Building Apache Hadoop HDDS 0.5.0-SNAPSHOT                        [2/26]
[INFO] --------------------------------[ pom ]---------------------------------
[INFO] 
[INFO] --- maven-antrun-plugin:1.3:run (create-testdirs) @ hadoop-hdds ---
[INFO] Executing tasks
[INFO] Executed tasks
[INFO] 
[INFO] --- maven-remote-resources-plugin:1.5:process (default) @ hadoop-hdds ---
[INFO] 
[INFO] ----------------< org.apache.hadoop:hadoop-hdds-config >----------------
[INFO] Building Apache Hadoop HDDS Config 0.5.0-SNAPSHOT                 [3/26]
[INFO] --------------------------------[ jar ]---------------------------------
[INFO] 
[INFO] --- maven-antrun-plugin:1.3:run (create-testdirs) @ hadoop-hdds-config ---
[INFO] Executing tasks
[INFO] Executed tasks
[INFO] 
[INFO] --- maven-remote-resources-plugin:1.5:process (default) @ hadoop-hdds-config ---
[INFO] 
[INFO] --- maven-resources-plugin:2.6:resources (default-resources) @ hadoop-hdds-config ---
[INFO] Using 'UTF-8' encoding to copy filtered resources.
[INFO] skip non existing resourceDirectory /workdir/hadoop-hdds/config/src/main/resources
[INFO] Copying 2 resources
[INFO] 
[INFO] --- maven-compiler-plugin:3.1:compile (default-compile) @ hadoop-hdds-config ---
[INFO] Compiling 8 source files to /workdir/hadoop-hdds/config/target/classes
[INFO] 
[INFO] --- maven-resources-plugin:2.6:testResources (default-testResources) @ hadoop-hdds-config ---
[INFO] Using 'UTF-8' encoding to copy filtered resources.
[INFO] Copying 1 resource
[INFO] Copying 2 resources
[INFO] 
[INFO] --- maven-compiler-plugin:3.1:testCompile (default-testCompile) @ hadoop-hdds-config ---
[INFO] Compiling 3 source files to /workdir/hadoop-hdds/config/target/test-classes
[INFO] 
[INFO] --- maven-surefire-plugin:3.0.0-M1:test (default-test) @ hadoop-hdds-config ---
[INFO] Downloading from apache.snapshots.https: https://repository.apache.org/content/repositories/snapshots/org/apache/maven/surefire/surefire-junit4/3.0.0-M1/surefire-junit4-3.0.0-M1.jar
[INFO] Downloading from central: https://repo.maven.apache.org/maven2/org/apache/maven/surefire/surefire-junit4/3.0.0-M1/surefire-junit4-3.0.0-M1.jar
[INFO] Downloaded from central: https://repo.maven.apache.org/maven2/org/apache/maven/surefire/surefire-junit4/3.0.0-M1/surefire-junit4-3.0.0-M1.jar (17 kB at 30 kB/s)
[INFO] Downloading from apache.snapshots.https: https://repository.apache.org/content/repositories/snapshots/org/apache/maven/surefire/surefire-junit4/3.0.0-M1/surefire-junit4-3.0.0-M1.pom
[INFO] Downloading from central: https://repo.maven.apache.org/maven2/org/apache/maven/surefire/surefire-junit4/3.0.0-M1/surefire-junit4-3.0.0-M1.pom
[INFO] Downloaded from central: https://repo.maven.apache.org/maven2/org/apache/maven/surefire/surefire-junit4/3.0.0-M1/surefire-junit4-3.0.0-M1.pom (1.7 kB at 67 kB/s)
[INFO] Downloading from apache.snapshots.https: https://repository.apache.org/content/repositories/snapshots/org/apache/maven/surefire/surefire-providers/3.0.0-M1/surefire-providers-3.0.0-M1.pom
[INFO] Downloading from central: https://repo.maven.apache.org/maven2/org/apache/maven/surefire/surefire-providers/3.0.0-M1/surefire-providers-3.0.0-M1.pom
[INFO] Downloaded from central: https://repo.maven.apache.org/maven2/org/apache/maven/surefire/surefire-providers/3.0.0-M1/surefire-providers-3.0.0-M1.pom (2.5 kB at 101 kB/s)
[INFO] Downloading from apache.snapshots.https: https://repository.apache.org/content/repositories/snapshots/org/apache/maven/surefire/common-junit4/3.0.0-M1/common-junit4-3.0.0-M1.pom
[INFO] Downloading from central: https://repo.maven.apache.org/maven2/org/apache/maven/surefire/common-junit4/3.0.0-M1/common-junit4-3.0.0-M1.pom
[INFO] Downloaded from central: https://repo.maven.apache.org/maven2/org/apache/maven/surefire/common-junit4/3.0.0-M1/common-junit4-3.0.0-M1.pom (2.1 kB at 86 kB/s)
[INFO] Downloading from apache.snapshots.https: https://repository.apache.org/content/repositories/snapshots/org/apache/maven/surefire/common-junit3/3.0.0-M1/common-junit3-3.0.0-M1.pom
[INFO] Downloading from central: https://repo.maven.apache.org/maven2/org/apache/maven/surefire/common-junit3/3.0.0-M1/common-junit3-3.0.0-M1.pom
[INFO] Downloaded from central: https://repo.maven.apache.org/maven2/org/apache/maven/surefire/common-junit3/3.0.0-M1/common-junit3-3.0.0-M1.pom (1.6 kB at 72 kB/s)
[INFO] Downloading from apache.snapshots.https: https://repository.apache.org/content/repositories/snapshots/org/apache/maven/surefire/common-java5/3.0.0-M1/common-java5-3.0.0-M1.pom
[INFO] Downloading from central: https://repo.maven.apache.org/maven2/org/apache/maven/surefire/common-java5/3.0.0-M1/common-java5-3.0.0-M1.pom
[INFO] Downloaded from central: https://repo.maven.apache.org/maven2/org/apache/maven/surefire/common-java5/3.0.0-M1/common-java5-3.0.0-M1.pom (3.1 kB at 128 kB/s)
[INFO] Downloading from apache.snapshots.https: https://repository.apache.org/content/repositories/snapshots/org/apache/maven/surefire/common-junit3/3.0.0-M1/common-junit3-3.0.0-M1.jar
[INFO] Downloading from apache.snapshots.https: https://repository.apache.org/content/repositories/snapshots/org/apache/maven/surefire/common-java5/3.0.0-M1/common-java5-3.0.0-M1.jar
[INFO] Downloading from apache.snapshots.https: https://repository.apache.org/content/repositories/snapshots/org/apache/maven/surefire/common-junit4/3.0.0-M1/common-junit4-3.0.0-M1.jar
[INFO] Downloading from central: https://repo.maven.apache.org/maven2/org/apache/maven/surefire/common-junit4/3.0.0-M1/common-junit4-3.0.0-M1.jar
[INFO] Downloading from central: https://repo.maven.apache.org/maven2/org/apache/maven/surefire/common-junit3/3.0.0-M1/common-junit3-3.0.0-M1.jar
[INFO] Downloading from central: https://repo.maven.apache.org/maven2/org/apache/maven/surefire/common-java5/3.0.0-M1/common-java5-3.0.0-M1.jar
[INFO] Downloaded from central: https://repo.maven.apache.org/maven2/org/apache/maven/surefire/common-junit3/3.0.0-M1/common-junit3-3.0.0-M1.jar (12 kB at 401 kB/s)
[INFO] Downloaded from central: https://repo.maven.apache.org/maven2/org/apache/maven/surefire/common-junit4/3.0.0-M1/common-junit4-3.0.0-M1.jar (28 kB at 502 kB/s)
[INFO] Downloaded from central: https://repo.maven.apache.org/maven2/org/apache/maven/surefire/common-java5/3.0.0-M1/common-java5-3.0.0-M1.jar (32 kB at 573 kB/s)
[INFO] 
[INFO] -------------------------------------------------------
[INFO]  T E S T S
[INFO] -------------------------------------------------------
[INFO] Running org.apache.hadoop.hdds.conf.TestConfigFileAppender
[INFO] Tests run: 1, Failures: 0, Errors: 0, Skipped: 0, Time elapsed: 0.137 s - in org.apache.hadoop.hdds.conf.TestConfigFileAppender
[INFO] 
[INFO] Results:
[INFO] 
[INFO] Tests run: 1, Failures: 0, Errors: 0, Skipped: 0
[INFO] 
[INFO] 
[INFO] ----------------< org.apache.hadoop:hadoop-hdds-common >----------------
[INFO] Building Apache Hadoop HDDS Common 0.5.0-SNAPSHOT                 [4/26]
[INFO] --------------------------------[ jar ]---------------------------------
[INFO] 
[INFO] --- maven-antrun-plugin:1.3:run (create-testdirs) @ hadoop-hdds-common ---
[INFO] Executing tasks
[INFO] Executed tasks
[INFO] 
[INFO] --- hadoop-maven-plugins:3.2.0:protoc (compile-protoc) @ hadoop-hdds-common ---
[INFO] Wrote protoc checksums to file /workdir/hadoop-hdds/common/target/hadoop-maven-plugins-protoc-checksums.json
[INFO] 
[INFO] --- protobuf-maven-plugin:0.5.1:compile (compile-protoc) @ hadoop-hdds-common ---
[INFO] Compiling 1 proto file(s) to /workdir/hadoop-hdds/common/target/generated-sources/java
[INFO] 
[INFO] --- protobuf-maven-plugin:0.5.1:compile-custom (compile-protoc) @ hadoop-hdds-common ---
[INFO] Compiling 1 proto file(s) to /workdir/hadoop-hdds/common/target/generated-sources/java
[INFO] 
[INFO] --- maven-antrun-plugin:1.3:run (default) @ hadoop-hdds-common ---
[INFO] Executing tasks
[INFO] Executed tasks
[INFO] 
[INFO] --- hadoop-maven-plugins:3.2.0:version-info (version-info) @ hadoop-hdds-common ---
[INFO] SCM: GIT
[INFO] Computed MD5: d2ced8e3e0c86b64d4cd9bf07fe02671
[INFO] 
[INFO] --- maven-remote-resources-plugin:1.5:process (default) @ hadoop-hdds-common ---
[INFO] 
[INFO] --- maven-resources-plugin:2.6:resources (default-resources) @ hadoop-hdds-common ---
[INFO] Using 'UTF-8' encoding to copy filtered resources.
[INFO] Copying 5 resources
[INFO] Copying 1 resource
[INFO] Copying 1 resource
[INFO] Copying 1 resource
[INFO] Copying 2 resources
[INFO] 
[INFO] --- maven-compiler-plugin:3.1:compile (default-compile) @ hadoop-hdds-common ---
[INFO] Compiling 236 source files to /workdir/hadoop-hdds/common/target/classes
[WARNING] /workdir/hadoop-hdds/common/src/main/java/org/apache/hadoop/hdds/utils/db/DBProfile.java: Some input files use or override a deprecated API.
[WARNING] /workdir/hadoop-hdds/common/src/main/java/org/apache/hadoop/hdds/utils/db/DBProfile.java: Recompile with -Xlint:deprecation for details.
[WARNING] /workdir/hadoop-hdds/common/src/main/java/org/apache/hadoop/hdds/utils/db/CodecRegistry.java: Some input files use unchecked or unsafe operations.
[WARNING] /workdir/hadoop-hdds/common/src/main/java/org/apache/hadoop/hdds/utils/db/CodecRegistry.java: Recompile with -Xlint:unchecked for details.
[INFO] 
[INFO] --- protobuf-maven-plugin:0.5.1:test-compile (compile-protoc) @ hadoop-hdds-common ---
[INFO] /workdir/hadoop-hdds/common/src/test/proto does not exist. Review the configuration or consider disabling the plugin.
[INFO] 
[INFO] --- protobuf-maven-plugin:0.5.1:test-compile-custom (compile-protoc) @ hadoop-hdds-common ---
[INFO] /workdir/hadoop-hdds/common/src/test/proto does not exist. Review the configuration or consider disabling the plugin.
[INFO] 
[INFO] --- maven-resources-plugin:2.6:testResources (default-testResources) @ hadoop-hdds-common ---
[INFO] Using 'UTF-8' encoding to copy filtered resources.
[INFO] Copying 20 resources
[INFO] Copying 2 resources
[INFO] 
[INFO] --- maven-compiler-plugin:3.1:testCompile (default-testCompile) @ hadoop-hdds-common ---
[INFO] Compiling 54 source files to /workdir/hadoop-hdds/common/target/test-classes
[WARNING] /workdir/hadoop-hdds/common/src/test/java/org/apache/hadoop/hdds/scm/net/TestNetworkTopologyImpl.java: Some input files use unchecked or unsafe operations.
[WARNING] /workdir/hadoop-hdds/common/src/test/java/org/apache/hadoop/hdds/scm/net/TestNetworkTopologyImpl.java: Recompile with -Xlint:unchecked for details.
[INFO] 
[INFO] --- maven-surefire-plugin:3.0.0-M1:test (default-test) @ hadoop-hdds-common ---
[INFO] 
[INFO] -------------------------------------------------------
[INFO]  T E S T S
[INFO] -------------------------------------------------------
[INFO] Running org.apache.hadoop.ozone.lock.TestLockManager
[INFO] Tests run: 2, Failures: 0, Errors: 0, Skipped: 0, Time elapsed: 0.646 s - in org.apache.hadoop.ozone.lock.TestLockManager
[INFO] Running org.apache.hadoop.ozone.lease.TestLeaseManager
[INFO] Tests run: 10, Failures: 0, Errors: 0, Skipped: 0, Time elapsed: 23.138 s - in org.apache.hadoop.ozone.lease.TestLeaseManager
[INFO] Running org.apache.hadoop.ozone.common.TestStateMachine
[INFO] Tests run: 1, Failures: 0, Errors: 0, Skipped: 0, Time elapsed: 0.153 s - in org.apache.hadoop.ozone.common.TestStateMachine
[INFO] Running org.apache.hadoop.ozone.common.TestChecksum
[INFO] Tests run: 3, Failures: 0, Errors: 0, Skipped: 0, Time elapsed: 0.129 s - in org.apache.hadoop.ozone.common.TestChecksum
[INFO] Running org.apache.hadoop.ozone.audit.TestOzoneAuditLogger
[INFO] Tests run: 3, Failures: 0, Errors: 0, Skipped: 0, Time elapsed: 0.569 s - in org.apache.hadoop.ozone.audit.TestOzoneAuditLogger
[INFO] Running org.apache.hadoop.hdds.conf.TestOzoneConfiguration
[INFO] Tests run: 3, Failures: 0, Errors: 0, Skipped: 0, Time elapsed: 1.379 s - in org.apache.hadoop.hdds.conf.TestOzoneConfiguration
[INFO] Running org.apache.hadoop.hdds.TestHddsUtils
[INFO] Tests run: 1, Failures: 0, Errors: 0, Skipped: 0, Time elapsed: 0.095 s - in org.apache.hadoop.hdds.TestHddsUtils
[INFO] Running org.apache.hadoop.hdds.security.token.TestOzoneBlockTokenIdentifier
[INFO] Tests run: 4, Failures: 0, Errors: 0, Skipped: 0, Time elapsed: 1.503 s - in org.apache.hadoop.hdds.security.token.TestOzoneBlockTokenIdentifier
[INFO] Running org.apache.hadoop.hdds.security.x509.certificate.utils.TestCertificateCodec
[INFO] Tests run: 4, Failures: 0, Errors: 0, Skipped: 0, Time elapsed: 2.007 s - in org.apache.hadoop.hdds.security.x509.certificate.utils.TestCertificateCodec
[INFO] Running org.apache.hadoop.hdds.security.x509.certificate.client.TestDefaultCertificateClient
[INFO] Tests run: 9, Failures: 0, Errors: 0, Skipped: 0, Time elapsed: 11.345 s - in org.apache.hadoop.hdds.security.x509.certificate.client.TestDefaultCertificateClient
[INFO] Running org.apache.hadoop.hdds.security.x509.certificate.client.TestCertificateClientInit
[INFO] Tests run: 16, Failures: 0, Errors: 0, Skipped: 0, Time elapsed: 5.924 s - in org.apache.hadoop.hdds.security.x509.certificate.client.TestCertificateClientInit
[INFO] Running org.apache.hadoop.hdds.security.x509.certificate.authority.TestDefaultProfile
[INFO] Tests run: 10, Failures: 0, Errors: 0, Skipped: 0, Time elapsed: 4.81 s - in org.apache.hadoop.hdds.security.x509.certificate.authority.TestDefaultProfile
[INFO] Running org.apache.hadoop.hdds.security.x509.certificate.authority.TestDefaultCAServer
[INFO] Tests run: 6, Failures: 0, Errors: 0, Skipped: 0, Time elapsed: 2.898 s - in org.apache.hadoop.hdds.security.x509.certificate.authority.TestDefaultCAServer
[INFO] Running org.apache.hadoop.hdds.security.x509.certificates.TestCertificateSignRequest
[INFO] Tests run: 4, Failures: 0, Errors: 0, Skipped: 0, Time elapsed: 2.461 s - in org.apache.hadoop.hdds.security.x509.certificates.TestCertificateSignRequest
[INFO] Running org.apache.hadoop.hdds.security.x509.certificates.TestRootCertificate
[INFO] Tests run: 3, Failures: 0, Errors: 0, Skipped: 0, Time elapsed: 2.033 s - in org.apache.hadoop.hdds.security.x509.certificates.TestRootCertificate
[INFO] Running org.apache.hadoop.hdds.security.x509.keys.TestHDDSKeyGenerator
[INFO] Tests run: 2, Failures: 0, Errors: 0, Skipped: 0, Time elapsed: 3.924 s - in org.apache.hadoop.hdds.security.x509.keys.TestHDDSKeyGenerator
[INFO] Running org.apache.hadoop.hdds.security.x509.keys.TestKeyCodec
[INFO] Tests run: 4, Failures: 0, Errors: 0, Skipped: 0, Time elapsed: 1.973 s - in org.apache.hadoop.hdds.security.x509.keys.TestKeyCodec
[INFO] Running org.apache.hadoop.hdds.utils.db.TestDBStoreBuilder
[INFO] Tests run: 7, Failures: 0, Errors: 0, Skipped: 0, Time elapsed: 46.551 s - in org.apache.hadoop.hdds.utils.db.TestDBStoreBuilder
[INFO] Running org.apache.hadoop.hdds.utils.db.TestRDBTableStore
[INFO] Tests run: 9, Failures: 0, Errors: 0, Skipped: 0, Time elapsed: 5.559 s - in org.apache.hadoop.hdds.utils.db.TestRDBTableStore
[INFO] Running org.apache.hadoop.hdds.utils.db.TestTypedRDBTableStore
[INFO] Tests run: 11, Failures: 0, Errors: 0, Skipped: 0, Time elapsed: 8.771 s - in org.apache.hadoop.hdds.utils.db.TestTypedRDBTableStore
[INFO] Running org.apache.hadoop.hdds.utils.db.cache.TestTableCacheImpl
[INFO] Tests run: 4, Failures: 0, Errors: 0, Skipped: 0, Time elapsed: 2.116 s - in org.apache.hadoop.hdds.utils.db.cache.TestTableCacheImpl
[INFO] Running org.apache.hadoop.hdds.utils.db.TestDBConfigFromFile
[INFO] Tests run: 2, Failures: 0, Errors: 0, Skipped: 0, Time elapsed: 0.289 s - in org.apache.hadoop.hdds.utils.db.TestDBConfigFromFile
[INFO] Running org.apache.hadoop.hdds.utils.db.TestRDBStore
[INFO] Tests run: 12, Failures: 0, Errors: 0, Skipped: 0, Time elapsed: 32.521 s - in org.apache.hadoop.hdds.utils.db.TestRDBStore
[INFO] Running org.apache.hadoop.hdds.utils.TestRocksDBStoreMBean
[INFO] Tests run: 3, Failures: 0, Errors: 0, Skipped: 0, Time elapsed: 5.783 s - in org.apache.hadoop.hdds.utils.TestRocksDBStoreMBean
[INFO] Running org.apache.hadoop.hdds.utils.TestMetadataStore
[INFO] Tests run: 26, Failures: 0, Errors: 0, Skipped: 0, Time elapsed: 6.22 s - in org.apache.hadoop.hdds.utils.TestMetadataStore
[INFO] Running org.apache.hadoop.hdds.utils.TestHddsIdFactory
[INFO] Tests run: 1, Failures: 0, Errors: 0, Skipped: 0, Time elapsed: 0.135 s - in org.apache.hadoop.hdds.utils.TestHddsIdFactory
[INFO] Running org.apache.hadoop.hdds.utils.TestRetriableTask
[INFO] Tests run: 3, Failures: 0, Errors: 0, Skipped: 0, Time elapsed: 0.113 s - in org.apache.hadoop.hdds.utils.TestRetriableTask
[INFO] Running org.apache.hadoop.hdds.scm.exceptions.TestSCMExceptionResultCodes
[INFO] Tests run: 1, Failures: 0, Errors: 0, Skipped: 0, Time elapsed: 0.063 s - in org.apache.hadoop.hdds.scm.exceptions.TestSCMExceptionResultCodes
[INFO] Running org.apache.hadoop.hdds.scm.net.TestYamlSchemaLoader
[INFO] Tests run: 4, Failures: 0, Errors: 0, Skipped: 0, Time elapsed: 0.246 s - in org.apache.hadoop.hdds.scm.net.TestYamlSchemaLoader
[INFO] Running org.apache.hadoop.hdds.scm.net.TestNodeSchemaLoader
[INFO] Tests run: 28, Failures: 0, Errors: 0, Skipped: 0, Time elapsed: 0.273 s - in org.apache.hadoop.hdds.scm.net.TestNodeSchemaLoader
[INFO] Running org.apache.hadoop.hdds.scm.net.TestNetworkTopologyImpl
[WARNING] Tests run: 75, Failures: 0, Errors: 0, Skipped: 1, Time elapsed: 3.171 s - in org.apache.hadoop.hdds.scm.net.TestNetworkTopologyImpl
[INFO] Running org.apache.hadoop.hdds.scm.net.TestNodeSchemaManager
[INFO] Tests run: 5, Failures: 0, Errors: 0, Skipped: 0, Time elapsed: 0.317 s - in org.apache.hadoop.hdds.scm.net.TestNodeSchemaManager
[INFO] 
[INFO] Results:
[INFO] 
[WARNING] Tests run: 276, Failures: 0, Errors: 0, Skipped: 1
[INFO] 
[INFO] 
[INFO] ----------------< org.apache.hadoop:hadoop-hdds-client >----------------
[INFO] Building Apache Hadoop HDDS Client 0.5.0-SNAPSHOT                 [5/26]
[INFO] --------------------------------[ jar ]---------------------------------
[INFO] 
[INFO] --- maven-antrun-plugin:1.3:run (create-testdirs) @ hadoop-hdds-client ---
[INFO] Executing tasks
[INFO] Executed tasks
[INFO] 
[INFO] --- maven-remote-resources-plugin:1.5:process (default) @ hadoop-hdds-client ---
[INFO] 
[INFO] --- maven-resources-plugin:2.6:resources (default-resources) @ hadoop-hdds-client ---
[INFO] Using 'UTF-8' encoding to copy filtered resources.
[INFO] skip non existing resourceDirectory /workdir/hadoop-hdds/client/src/main/resources
[INFO] Copying 2 resources
[INFO] 
[INFO] --- maven-compiler-plugin:3.1:compile (default-compile) @ hadoop-hdds-client ---
[INFO] Compiling 15 source files to /workdir/hadoop-hdds/client/target/classes
[WARNING] /workdir/hadoop-hdds/client/src/main/java/org/apache/hadoop/hdds/scm/XceiverClientGrpc.java: Some input files use unchecked or unsafe operations.
[WARNING] /workdir/hadoop-hdds/client/src/main/java/org/apache/hadoop/hdds/scm/XceiverClientGrpc.java: Recompile with -Xlint:unchecked for details.
[INFO] 
[INFO] --- maven-resources-plugin:2.6:testResources (default-testResources) @ hadoop-hdds-client ---
[INFO] Using 'UTF-8' encoding to copy filtered resources.
[INFO] skip non existing resourceDirectory /workdir/hadoop-hdds/client/src/test/resources
[INFO] Copying 2 resources
[INFO] 
[INFO] --- maven-compiler-plugin:3.1:testCompile (default-testCompile) @ hadoop-hdds-client ---
[INFO] Compiling 3 source files to /workdir/hadoop-hdds/client/target/test-classes
[INFO] 
[INFO] --- maven-surefire-plugin:3.0.0-M1:test (default-test) @ hadoop-hdds-client ---
[INFO] 
[INFO] -------------------------------------------------------
[INFO]  T E S T S
[INFO] -------------------------------------------------------
[INFO] Running org.apache.hadoop.hdds.scm.storage.TestBlockInputStream
[INFO] Tests run: 3, Failures: 0, Errors: 0, Skipped: 0, Time elapsed: 0.155 s - in org.apache.hadoop.hdds.scm.storage.TestBlockInputStream
[INFO] Running org.apache.hadoop.hdds.scm.storage.TestChunkInputStream
[INFO] Tests run: 4, Failures: 0, Errors: 0, Skipped: 0, Time elapsed: 0.152 s - in org.apache.hadoop.hdds.scm.storage.TestChunkInputStream
[INFO] 
[INFO] Results:
[INFO] 
[INFO] Tests run: 7, Failures: 0, Errors: 0, Skipped: 0
[INFO] 
[INFO] 
[INFO] -----------< org.apache.hadoop:hadoop-hdds-server-framework >-----------
[INFO] Building Apache Hadoop HDDS Server Framework 0.5.0-SNAPSHOT       [6/26]
[INFO] --------------------------------[ jar ]---------------------------------
[INFO] 
[INFO] --- maven-antrun-plugin:1.3:run (create-testdirs) @ hadoop-hdds-server-framework ---
[INFO] Executing tasks
[INFO] Executed tasks
[INFO] 
[INFO] --- maven-remote-resources-plugin:1.5:process (default) @ hadoop-hdds-server-framework ---
[INFO] 
[INFO] --- maven-resources-plugin:2.6:resources (default-resources) @ hadoop-hdds-server-framework ---
[INFO] Using 'UTF-8' encoding to copy filtered resources.
[INFO] Copying 35 resources
[INFO] Copying 2 resources
[INFO] 
[INFO] --- maven-compiler-plugin:3.1:compile (default-compile) @ hadoop-hdds-server-framework ---
[INFO] Compiling 20 source files to /workdir/hadoop-hdds/framework/target/classes
[WARNING] /workdir/hadoop-hdds/framework/src/main/java/org/apache/hadoop/hdds/server/events/EventQueue.java: Some input files use unchecked or unsafe operations.
[WARNING] /workdir/hadoop-hdds/framework/src/main/java/org/apache/hadoop/hdds/server/events/EventQueue.java: Recompile with -Xlint:unchecked for details.
[INFO] 
[INFO] --- maven-resources-plugin:2.6:testResources (default-testResources) @ hadoop-hdds-server-framework ---
[INFO] Using 'UTF-8' encoding to copy filtered resources.
[INFO] Copying 1 resource
[INFO] Copying 2 resources
[INFO] 
[INFO] --- maven-compiler-plugin:3.1:testCompile (default-testCompile) @ hadoop-hdds-server-framework ---
[INFO] Compiling 9 source files to /workdir/hadoop-hdds/framework/target/test-classes
[INFO] 
[INFO] --- maven-surefire-plugin:3.0.0-M1:test (default-test) @ hadoop-hdds-server-framework ---
[INFO] 
[INFO] -------------------------------------------------------
[INFO]  T E S T S
[INFO] -------------------------------------------------------
[INFO] Running org.apache.hadoop.hdds.server.TestServerUtils
[INFO] Tests run: 6, Failures: 0, Errors: 0, Skipped: 0, Time elapsed: 0.427 s - in org.apache.hadoop.hdds.server.TestServerUtils
[INFO] Running org.apache.hadoop.hdds.server.TestPrometheusMetricsSink
[INFO] Tests run: 5, Failures: 0, Errors: 0, Skipped: 0, Time elapsed: 0.393 s - in org.apache.hadoop.hdds.server.TestPrometheusMetricsSink
[INFO] Running org.apache.hadoop.hdds.server.TestProfileServlet
[INFO] Tests run: 3, Failures: 0, Errors: 0, Skipped: 0, Time elapsed: 0.108 s - in org.apache.hadoop.hdds.server.TestProfileServlet
[INFO] Running org.apache.hadoop.hdds.server.TestBaseHttpServer
[INFO] Tests run: 1, Failures: 0, Errors: 0, Skipped: 0, Time elapsed: 0.284 s - in org.apache.hadoop.hdds.server.TestBaseHttpServer
[INFO] Running org.apache.hadoop.hdds.server.events.TestEventQueueChain
[INFO] Tests run: 1, Failures: 0, Errors: 0, Skipped: 0, Time elapsed: 0.23 s - in org.apache.hadoop.hdds.server.events.TestEventQueueChain
[INFO] Running org.apache.hadoop.hdds.server.events.TestEventWatcher
[INFO] Tests run: 3, Failures: 0, Errors: 0, Skipped: 0, Time elapsed: 11.57 s - in org.apache.hadoop.hdds.server.events.TestEventWatcher
[INFO] Running org.apache.hadoop.hdds.server.events.TestEventQueue
[INFO] Tests run: 2, Failures: 0, Errors: 0, Skipped: 0, Time elapsed: 0.511 s - in org.apache.hadoop.hdds.server.events.TestEventQueue
[INFO] 
[INFO] Results:
[INFO] 
[INFO] Tests run: 21, Failures: 0, Errors: 0, Skipped: 0
[INFO] 
[INFO] 
[INFO] ----------< org.apache.hadoop:hadoop-hdds-container-service >-----------
[INFO] Building Apache Hadoop HDDS Container Service 0.5.0-SNAPSHOT      [7/26]
[INFO] --------------------------------[ jar ]---------------------------------
[INFO] 
[INFO] --- maven-antrun-plugin:1.3:run (create-testdirs) @ hadoop-hdds-container-service ---
[INFO] Executing tasks
[INFO] Executed tasks
[INFO] 
[INFO] --- hadoop-maven-plugins:3.2.0:protoc (compile-protoc) @ hadoop-hdds-container-service ---
[INFO] Wrote protoc checksums to file /workdir/hadoop-hdds/container-service/target/hadoop-maven-plugins-protoc-checksums.json
[INFO] 
[INFO] --- maven-remote-resources-plugin:1.5:process (default) @ hadoop-hdds-container-service ---
[INFO] 
[INFO] --- maven-resources-plugin:2.6:resources (default-resources) @ hadoop-hdds-container-service ---
[INFO] Using 'UTF-8' encoding to copy filtered resources.
[INFO] Copying 2 resources
[INFO] Copying 2 resources
[INFO] 
[INFO] --- maven-compiler-plugin:3.1:compile (default-compile) @ hadoop-hdds-container-service ---
[INFO] Compiling 163 source files to /workdir/hadoop-hdds/container-service/target/classes
[WARNING] /workdir/hadoop-hdds/container-service/src/main/java/org/apache/hadoop/ozone/container/common/volume/AbstractFuture.java:[1051,26] sun.misc.Unsafe is internal proprietary API and may be removed in a future release
[WARNING] /workdir/hadoop-hdds/container-service/src/main/java/org/apache/hadoop/ozone/container/common/volume/AbstractFuture.java:[1059,15] sun.misc.Unsafe is internal proprietary API and may be removed in a future release
[WARNING] /workdir/hadoop-hdds/container-service/src/main/java/org/apache/hadoop/ozone/container/common/volume/AbstractFuture.java:[1061,26] sun.misc.Unsafe is internal proprietary API and may be removed in a future release
[WARNING] /workdir/hadoop-hdds/container-service/src/main/java/org/apache/hadoop/ozone/container/common/volume/AbstractFuture.java:[1066,57] sun.misc.Unsafe is internal proprietary API and may be removed in a future release
[WARNING] /workdir/hadoop-hdds/container-service/src/main/java/org/apache/hadoop/ozone/container/common/volume/AbstractFuture.java:[1068,36] sun.misc.Unsafe is internal proprietary API and may be removed in a future release
[WARNING] /workdir/hadoop-hdds/container-service/src/main/java/org/apache/hadoop/ozone/container/common/volume/AbstractFuture.java:[1069,37] sun.misc.Unsafe is internal proprietary API and may be removed in a future release
[WARNING] /workdir/hadoop-hdds/container-service/src/main/java/org/apache/hadoop/ozone/container/common/volume/AbstractFuture.java:[1069,58] sun.misc.Unsafe is internal proprietary API and may be removed in a future release
[WARNING] /workdir/hadoop-hdds/container-service/src/main/java/org/apache/hadoop/ozone/container/common/impl/ContainerDataYaml.java: Some input files use unchecked or unsafe operations.
[WARNING] /workdir/hadoop-hdds/container-service/src/main/java/org/apache/hadoop/ozone/container/common/impl/ContainerDataYaml.java: Recompile with -Xlint:unchecked for details.
[INFO] 
[INFO] --- maven-resources-plugin:2.6:testResources (default-testResources) @ hadoop-hdds-container-service ---
[INFO] Using 'UTF-8' encoding to copy filtered resources.
[INFO] Copying 4 resources
[INFO] Copying 2 resources
[INFO] 
[INFO] --- maven-compiler-plugin:3.1:testCompile (default-testCompile) @ hadoop-hdds-container-service ---
[INFO] Compiling 48 source files to /workdir/hadoop-hdds/container-service/target/test-classes
[WARNING] /workdir/hadoop-hdds/container-service/src/test/java/org/apache/hadoop/ozone/container/common/volume/TestHddsVolumeChecker.java: /workdir/hadoop-hdds/container-service/src/test/java/org/apache/hadoop/ozone/container/common/volume/TestHddsVolumeChecker.java uses or overrides a deprecated API.
[WARNING] /workdir/hadoop-hdds/container-service/src/test/java/org/apache/hadoop/ozone/container/common/volume/TestHddsVolumeChecker.java: Recompile with -Xlint:deprecation for details.
[WARNING] /workdir/hadoop-hdds/container-service/src/test/java/org/apache/hadoop/ozone/container/common/ScmTestMock.java: Some input files use unchecked or unsafe operations.
[WARNING] /workdir/hadoop-hdds/container-service/src/test/java/org/apache/hadoop/ozone/container/common/ScmTestMock.java: Recompile with -Xlint:unchecked for details.
[INFO] 
[INFO] --- maven-surefire-plugin:3.0.0-M1:test (default-test) @ hadoop-hdds-container-service ---
[INFO] 
[INFO] -------------------------------------------------------
[INFO]  T E S T S
[INFO] -------------------------------------------------------
[INFO] Running org.apache.hadoop.ozone.container.ozoneimpl.TestContainerScrubberMetrics
[INFO] Tests run: 2, Failures: 0, Errors: 0, Skipped: 0, Time elapsed: 1.333 s - in org.apache.hadoop.ozone.container.ozoneimpl.TestContainerScrubberMetrics
[INFO] Running org.apache.hadoop.ozone.container.ozoneimpl.TestOzoneContainer
[INFO] Tests run: 2, Failures: 0, Errors: 0, Skipped: 0, Time elapsed: 5.427 s - in org.apache.hadoop.ozone.container.ozoneimpl.TestOzoneContainer
[INFO] Running org.apache.hadoop.ozone.container.common.TestChunkLayOutVersion
[INFO] Tests run: 1, Failures: 0, Errors: 0, Skipped: 0, Time elapsed: 0.065 s - in org.apache.hadoop.ozone.container.common.TestChunkLayOutVersion
[INFO] Running org.apache.hadoop.ozone.container.common.volume.TestRoundRobinVolumeChoosingPolicy
[INFO] Tests run: 2, Failures: 0, Errors: 0, Skipped: 0, Time elapsed: 1.078 s - in org.apache.hadoop.ozone.container.common.volume.TestRoundRobinVolumeChoosingPolicy
[INFO] Running org.apache.hadoop.ozone.container.common.volume.TestVolumeSet
[INFO] Tests run: 7, Failures: 0, Errors: 0, Skipped: 0, Time elapsed: 1.029 s - in org.apache.hadoop.ozone.container.common.volume.TestVolumeSet
[INFO] Running org.apache.hadoop.ozone.container.common.volume.TestHddsVolumeChecker
[INFO] Tests run: 8, Failures: 0, Errors: 0, Skipped: 0, Time elapsed: 1.16 s - in org.apache.hadoop.ozone.container.common.volume.TestHddsVolumeChecker
[INFO] Running org.apache.hadoop.ozone.container.common.volume.TestVolumeSetDiskChecks
[INFO] Tests run: 3, Failures: 0, Errors: 0, Skipped: 0, Time elapsed: 0.858 s - in org.apache.hadoop.ozone.container.common.volume.TestVolumeSetDiskChecks
[INFO] Running org.apache.hadoop.ozone.container.common.volume.TestHddsVolume
[INFO] Tests run: 3, Failures: 0, Errors: 0, Skipped: 0, Time elapsed: 1.031 s - in org.apache.hadoop.ozone.container.common.volume.TestHddsVolume
[INFO] Running org.apache.hadoop.ozone.container.common.helpers.TestDatanodeVersionFile
[INFO] Tests run: 4, Failures: 0, Errors: 0, Skipped: 0, Time elapsed: 0.198 s - in org.apache.hadoop.ozone.container.common.helpers.TestDatanodeVersionFile
[INFO] Running org.apache.hadoop.ozone.container.common.TestKeyValueContainerData
[INFO] Tests run: 1, Failures: 0, Errors: 0, Skipped: 0, Time elapsed: 0.146 s - in org.apache.hadoop.ozone.container.common.TestKeyValueContainerData
[INFO] Running org.apache.hadoop.ozone.container.common.TestDatanodeLayOutVersion
[INFO] Tests run: 1, Failures: 0, Errors: 0, Skipped: 0, Time elapsed: 0.065 s - in org.apache.hadoop.ozone.container.common.TestDatanodeLayOutVersion
[INFO] Running org.apache.hadoop.ozone.container.common.interfaces.TestHandler
[INFO] Tests run: 2, Failures: 0, Errors: 0, Skipped: 0, Time elapsed: 1.7 s - in org.apache.hadoop.ozone.container.common.interfaces.TestHandler
[INFO] Running org.apache.hadoop.ozone.container.common.states.endpoint.TestHeartbeatEndpointTask
[INFO] Tests run: 6, Failures: 0, Errors: 0, Skipped: 0, Time elapsed: 1.346 s - in org.apache.hadoop.ozone.container.common.states.endpoint.TestHeartbeatEndpointTask
[INFO] Running org.apache.hadoop.ozone.container.common.TestDatanodeStateMachine
[INFO] Tests run: 4, Failures: 0, Errors: 0, Skipped: 0, Time elapsed: 9.284 s - in org.apache.hadoop.ozone.container.common.TestDatanodeStateMachine
[INFO] Running org.apache.hadoop.ozone.container.common.TestContainerCache
[INFO] Tests run: 1, Failures: 0, Errors: 0, Skipped: 0, Time elapsed: 0.89 s - in org.apache.hadoop.ozone.container.common.TestContainerCache
[INFO] Running org.apache.hadoop.ozone.container.common.statemachine.commandhandler.TestCloseContainerCommandHandler
[INFO] Tests run: 6, Failures: 0, Errors: 0, Skipped: 0, Time elapsed: 1.383 s - in org.apache.hadoop.ozone.container.common.statemachine.commandhandler.TestCloseContainerCommandHandler
[INFO] Running org.apache.hadoop.ozone.container.common.report.TestReportManager
[INFO] Tests run: 1, Failures: 0, Errors: 0, Skipped: 0, Time elapsed: 1.008 s - in org.apache.hadoop.ozone.container.common.report.TestReportManager
[INFO] Running org.apache.hadoop.ozone.container.common.report.TestReportPublisherFactory
[INFO] Tests run: 3, Failures: 0, Errors: 0, Skipped: 0, Time elapsed: 0.285 s - in org.apache.hadoop.ozone.container.common.report.TestReportPublisherFactory
[INFO] Running org.apache.hadoop.ozone.container.common.report.TestReportPublisher
[INFO] Tests run: 4, Failures: 0, Errors: 0, Skipped: 0, Time elapsed: 1.617 s - in org.apache.hadoop.ozone.container.common.report.TestReportPublisher
[INFO] Running org.apache.hadoop.ozone.container.common.impl.TestContainerSet
[INFO] Tests run: 5, Failures: 0, Errors: 0, Skipped: 0, Time elapsed: 0.988 s - in org.apache.hadoop.ozone.container.common.impl.TestContainerSet
[INFO] Running org.apache.hadoop.ozone.container.common.impl.TestHddsDispatcher
[INFO] Tests run: 3, Failures: 0, Errors: 0, Skipped: 0, Time elapsed: 2.532 s - in org.apache.hadoop.ozone.container.common.impl.TestHddsDispatcher
[INFO] Running org.apache.hadoop.ozone.container.common.impl.TestContainerDataYaml
[INFO] Tests run: 5, Failures: 0, Errors: 0, Skipped: 0, Time elapsed: 0.417 s - in org.apache.hadoop.ozone.container.common.impl.TestContainerDataYaml
[INFO] Running org.apache.hadoop.ozone.container.keyvalue.TestKeyValueContainerMarkUnhealthy
[INFO] Tests run: 5, Failures: 0, Errors: 0, Skipped: 0, Time elapsed: 2.183 s - in org.apache.hadoop.ozone.container.keyvalue.TestKeyValueContainerMarkUnhealthy
[INFO] Running org.apache.hadoop.ozone.container.keyvalue.TestChunkManagerImpl
[INFO] Tests run: 8, Failures: 0, Errors: 0, Skipped: 0, Time elapsed: 5.673 s - in org.apache.hadoop.ozone.container.keyvalue.TestChunkManagerImpl
[INFO] Running org.apache.hadoop.ozone.container.keyvalue.helpers.TestChunkUtils
[INFO] Tests run: 3, Failures: 0, Errors: 0, Skipped: 0, Time elapsed: 1.389 s - in org.apache.hadoop.ozone.container.keyvalue.helpers.TestChunkUtils
[INFO] Running org.apache.hadoop.ozone.container.keyvalue.TestTarContainerPacker
[INFO] Tests run: 1, Failures: 0, Errors: 0, Skipped: 0, Time elapsed: 0.36 s - in org.apache.hadoop.ozone.container.keyvalue.TestTarContainerPacker
[INFO] Running org.apache.hadoop.ozone.container.keyvalue.TestKeyValueHandler
[INFO] Tests run: 3, Failures: 0, Errors: 0, Skipped: 0, Time elapsed: 2.552 s - in org.apache.hadoop.ozone.container.keyvalue.TestKeyValueHandler
[INFO] Running org.apache.hadoop.ozone.container.keyvalue.TestKeyValueContainer
[INFO] Tests run: 10, Failures: 0, Errors: 0, Skipped: 0, Time elapsed: 4.093 s - in org.apache.hadoop.ozone.container.keyvalue.TestKeyValueContainer
[INFO] Running org.apache.hadoop.ozone.container.keyvalue.TestKeyValueBlockIterator
[INFO] Tests run: 10, Failures: 0, Errors: 0, Skipped: 0, Time elapsed: 2.811 s - in org.apache.hadoop.ozone.container.keyvalue.TestKeyValueBlockIterator
[INFO] Running org.apache.hadoop.ozone.container.keyvalue.TestBlockManagerImpl
[INFO] Tests run: 4, Failures: 0, Errors: 0, Skipped: 0, Time elapsed: 2.421 s - in org.apache.hadoop.ozone.container.keyvalue.TestBlockManagerImpl
[INFO] Running org.apache.hadoop.ozone.container.keyvalue.TestKeyValueContainerCheck
[INFO] Tests run: 4, Failures: 0, Errors: 0, Skipped: 0, Time elapsed: 4.721 s - in org.apache.hadoop.ozone.container.keyvalue.TestKeyValueContainerCheck
[INFO] Running org.apache.hadoop.ozone.container.keyvalue.TestKeyValueHandlerWithUnhealthyContainer
[INFO] Tests run: 6, Failures: 0, Errors: 0, Skipped: 0, Time elapsed: 1.757 s - in org.apache.hadoop.ozone.container.keyvalue.TestKeyValueHandlerWithUnhealthyContainer
[INFO] Running org.apache.hadoop.ozone.container.replication.TestReplicationSupervisor
[INFO] Tests run: 2, Failures: 0, Errors: 0, Skipped: 0, Time elapsed: 2.95 s - in org.apache.hadoop.ozone.container.replication.TestReplicationSupervisor
[INFO] Running org.apache.hadoop.ozone.TestHddsDatanodeService
[INFO] Tests run: 1, Failures: 0, Errors: 0, Skipped: 0, Time elapsed: 7.643 s - in org.apache.hadoop.ozone.TestHddsDatanodeService
[INFO] Running org.apache.hadoop.ozone.TestHddsSecureDatanodeInit
[INFO] Tests run: 9, Failures: 0, Errors: 0, Skipped: 0, Time elapsed: 1.946 s - in org.apache.hadoop.ozone.TestHddsSecureDatanodeInit
[INFO] 
[INFO] Results:
[INFO] 
[INFO] Tests run: 140, Failures: 0, Errors: 0, Skipped: 0
[INFO] 
[INFO] 
[INFO] -----------------< org.apache.hadoop:hadoop-hdds-docs >-----------------
[INFO] Building Apache Hadoop HDDS/Ozone Documentation 0.5.0-SNAPSHOT    [8/26]
[INFO] --------------------------------[ jar ]---------------------------------
[INFO] 
[INFO] --- maven-antrun-plugin:1.3:run (create-testdirs) @ hadoop-hdds-docs ---
[INFO] Executing tasks
[INFO] Executed tasks
[INFO] 
[INFO] --- maven-remote-resources-plugin:1.5:process (default) @ hadoop-hdds-docs ---
[INFO] 
[INFO] --- maven-resources-plugin:2.6:resources (default-resources) @ hadoop-hdds-docs ---
[INFO] Using 'UTF-8' encoding to copy filtered resources.
[INFO] skip non existing resourceDirectory /workdir/hadoop-hdds/docs/src/main/resources
[INFO] Copying 2 resources
[INFO] 
[INFO] --- maven-compiler-plugin:3.1:compile (default-compile) @ hadoop-hdds-docs ---
[INFO] No sources to compile
[INFO] 
[INFO] --- exec-maven-plugin:1.6.0:exec (default) @ hadoop-hdds-docs ---
Hugo is not yet installed. Doc generation is skipped.
[INFO] 
[INFO] --- maven-resources-plugin:2.6:testResources (default-testResources) @ hadoop-hdds-docs ---
[INFO] Using 'UTF-8' encoding to copy filtered resources.
[INFO] skip non existing resourceDirectory /workdir/hadoop-hdds/docs/src/test/resources
[INFO] Copying 2 resources
[INFO] 
[INFO] --- maven-compiler-plugin:3.1:testCompile (default-testCompile) @ hadoop-hdds-docs ---
[INFO] No sources to compile
[INFO] 
[INFO] --- maven-surefire-plugin:3.0.0-M1:test (default-test) @ hadoop-hdds-docs ---
[INFO] 
[INFO] --------------< org.apache.hadoop:hadoop-hdds-server-scm >--------------
[INFO] Building Apache Hadoop HDDS SCM Server 0.5.0-SNAPSHOT             [9/26]
[INFO] --------------------------------[ jar ]---------------------------------
[INFO] 
[INFO] --- maven-antrun-plugin:1.3:run (create-testdirs) @ hadoop-hdds-server-scm ---
[INFO] Executing tasks
[INFO] Executed tasks
[INFO] 
[INFO] --- maven-remote-resources-plugin:1.5:process (default) @ hadoop-hdds-server-scm ---
[INFO] 
[INFO] --- maven-resources-plugin:2.6:resources (default-resources) @ hadoop-hdds-server-scm ---
[INFO] Using 'UTF-8' encoding to copy filtered resources.
[INFO] Copying 4 resources
[INFO] Copying 2 resources
[INFO] 
[INFO] --- maven-compiler-plugin:3.1:compile (default-compile) @ hadoop-hdds-server-scm ---
[INFO] Compiling 131 source files to /workdir/hadoop-hdds/server-scm/target/classes
[WARNING] /workdir/hadoop-hdds/server-scm/src/main/java/org/apache/hadoop/hdds/scm/safemode/SCMSafeModeManager.java: Some input files use unchecked or unsafe operations.
[WARNING] /workdir/hadoop-hdds/server-scm/src/main/java/org/apache/hadoop/hdds/scm/safemode/SCMSafeModeManager.java: Recompile with -Xlint:unchecked for details.
[INFO] 
[INFO] --- maven-resources-plugin:2.6:testResources (default-testResources) @ hadoop-hdds-server-scm ---
[INFO] Using 'UTF-8' encoding to copy filtered resources.
[INFO] Copying 6 resources
[INFO] Copying 2 resources
[INFO] Copying 2 resources
[INFO] 
[INFO] --- maven-compiler-plugin:3.1:testCompile (default-testCompile) @ hadoop-hdds-server-scm ---
[INFO] Compiling 59 source files to /workdir/hadoop-hdds/server-scm/target/test-classes
[WARNING] /workdir/hadoop-hdds/server-scm/src/test/java/org/apache/hadoop/hdds/scm/container/MockNodeManager.java: Some input files use unchecked or unsafe operations.
[WARNING] /workdir/hadoop-hdds/server-scm/src/test/java/org/apache/hadoop/hdds/scm/container/MockNodeManager.java: Recompile with -Xlint:unchecked for details.
[INFO] 
[INFO] --- maven-surefire-plugin:3.0.0-M1:test (default-test) @ hadoop-hdds-server-scm ---
[INFO] 
[INFO] -------------------------------------------------------
[INFO]  T E S T S
[INFO] -------------------------------------------------------
[INFO] Running org.apache.hadoop.ozone.container.placement.TestDatanodeMetrics
[INFO] Tests run: 1, Failures: 0, Errors: 0, Skipped: 0, Time elapsed: 0.068 s - in org.apache.hadoop.ozone.container.placement.TestDatanodeMetrics
[INFO] Running org.apache.hadoop.ozone.container.placement.TestContainerPlacement
[INFO] Tests run: 1, Failures: 0, Errors: 0, Skipped: 0, Time elapsed: 2.794 s - in org.apache.hadoop.ozone.container.placement.TestContainerPlacement
[INFO] Running org.apache.hadoop.ozone.container.common.TestEndPoint
[INFO] Tests run: 15, Failures: 0, Errors: 0, Skipped: 0, Time elapsed: 6.464 s - in org.apache.hadoop.ozone.container.common.TestEndPoint
[INFO] Running org.apache.hadoop.hdds.scm.container.TestContainerReportHandler
[INFO] Tests run: 5, Failures: 0, Errors: 0, Skipped: 0, Time elapsed: 1.217 s - in org.apache.hadoop.hdds.scm.container.TestContainerReportHandler
[INFO] Running org.apache.hadoop.hdds.scm.container.TestIncrementalContainerReportHandler
[INFO] Tests run: 3, Failures: 0, Errors: 0, Skipped: 0, Time elapsed: 0.952 s - in org.apache.hadoop.hdds.scm.container.TestIncrementalContainerReportHandler
[INFO] Running org.apache.hadoop.hdds.scm.container.states.TestContainerAttribute
[INFO] Tests run: 5, Failures: 0, Errors: 0, Skipped: 0, Time elapsed: 0.172 s - in org.apache.hadoop.hdds.scm.container.states.TestContainerAttribute
[INFO] Running org.apache.hadoop.hdds.scm.container.TestContainerStateManager
[INFO] Tests run: 2, Failures: 0, Errors: 0, Skipped: 0, Time elapsed: 0.933 s - in org.apache.hadoop.hdds.scm.container.TestContainerStateManager
[INFO] Running org.apache.hadoop.hdds.scm.container.placement.algorithms.TestSCMContainerPlacementCapacity
[INFO] Tests run: 1, Failures: 0, Errors: 0, Skipped: 0, Time elapsed: 1.246 s - in org.apache.hadoop.hdds.scm.container.placement.algorithms.TestSCMContainerPlacementCapacity
[INFO] Running org.apache.hadoop.hdds.scm.container.placement.algorithms.TestSCMContainerPlacementRandom
[INFO] Tests run: 1, Failures: 0, Errors: 0, Skipped: 0, Time elapsed: 0.571 s - in org.apache.hadoop.hdds.scm.container.placement.algorithms.TestSCMContainerPlacementRandom
[INFO] Running org.apache.hadoop.hdds.scm.container.placement.algorithms.TestContainerPlacementFactory
[INFO] Tests run: 4, Failures: 0, Errors: 0, Skipped: 0, Time elapsed: 0.769 s - in org.apache.hadoop.hdds.scm.container.placement.algorithms.TestContainerPlacementFactory
[INFO] Running org.apache.hadoop.hdds.scm.container.placement.algorithms.TestSCMContainerPlacementRackAware
[WARNING] Tests run: 91, Failures: 0, Errors: 0, Skipped: 28, Time elapsed: 1.011 s - in org.apache.hadoop.hdds.scm.container.placement.algorithms.TestSCMContainerPlacementRackAware
[INFO] Running org.apache.hadoop.hdds.scm.container.TestSCMContainerManager
[INFO] Tests run: 8, Failures: 0, Errors: 0, Skipped: 0, Time elapsed: 1.369 s - in org.apache.hadoop.hdds.scm.container.TestSCMContainerManager
[INFO] Running org.apache.hadoop.hdds.scm.container.TestContainerActionsHandler
[INFO] Tests run: 1, Failures: 0, Errors: 0, Skipped: 0, Time elapsed: 0.611 s - in org.apache.hadoop.hdds.scm.container.TestContainerActionsHandler
[INFO] Running org.apache.hadoop.hdds.scm.container.TestReplicationManager
[INFO] Tests run: 13, Failures: 0, Errors: 0, Skipped: 0, Time elapsed: 4.942 s - in org.apache.hadoop.hdds.scm.container.TestReplicationManager
[INFO] Running org.apache.hadoop.hdds.scm.container.TestCloseContainerEventHandler
[INFO] Tests run: 4, Failures: 0, Errors: 0, Skipped: 0, Time elapsed: 1.842 s - in org.apache.hadoop.hdds.scm.container.TestCloseContainerEventHandler
[INFO] Running org.apache.hadoop.hdds.scm.server.TestSCMDatanodeHeartbeatDispatcher
[INFO] Tests run: 3, Failures: 0, Errors: 0, Skipped: 0, Time elapsed: 0.411 s - in org.apache.hadoop.hdds.scm.server.TestSCMDatanodeHeartbeatDispatcher
[INFO] Running org.apache.hadoop.hdds.scm.server.TestStorageContainerManagerStarter
[INFO] Tests run: 10, Failures: 0, Errors: 0, Skipped: 0, Time elapsed: 0.792 s - in org.apache.hadoop.hdds.scm.server.TestStorageContainerManagerStarter
[INFO] Running org.apache.hadoop.hdds.scm.server.TestSCMClientProtocolServer
[INFO] Tests run: 1, Failures: 0, Errors: 0, Skipped: 0, Time elapsed: 1.145 s - in org.apache.hadoop.hdds.scm.server.TestSCMClientProtocolServer
[INFO] Running org.apache.hadoop.hdds.scm.server.TestSCMSecurityProtocolServer
[INFO] Tests run: 2, Failures: 0, Errors: 0, Skipped: 0, Time elapsed: 1.158 s - in org.apache.hadoop.hdds.scm.server.TestSCMSecurityProtocolServer
[INFO] Running org.apache.hadoop.hdds.scm.server.TestSCMContainerMetrics
[INFO] Tests run: 1, Failures: 0, Errors: 0, Skipped: 0, Time elapsed: 0.285 s - in org.apache.hadoop.hdds.scm.server.TestSCMContainerMetrics
[INFO] Running org.apache.hadoop.hdds.scm.server.TestSCMBlockProtocolServer
[INFO] Tests run: 1, Failures: 0, Errors: 0, Skipped: 0, Time elapsed: 4.186 s - in org.apache.hadoop.hdds.scm.server.TestSCMBlockProtocolServer
[INFO] Running org.apache.hadoop.hdds.scm.safemode.TestOneReplicaPipelineSafeModeRule
[INFO] Tests run: 2, Failures: 0, Errors: 0, Skipped: 0, Time elapsed: 3.489 s - in org.apache.hadoop.hdds.scm.safemode.TestOneReplicaPipelineSafeModeRule
[INFO] Running org.apache.hadoop.hdds.scm.safemode.TestHealthyPipelineSafeModeRule
[INFO] Tests run: 3, Failures: 0, Errors: 0, Skipped: 0, Time elapsed: 2.588 s - in org.apache.hadoop.hdds.scm.safemode.TestHealthyPipelineSafeModeRule
[INFO] Running org.apache.hadoop.hdds.scm.safemode.TestSafeModeHandler
[INFO] Tests run: 2, Failures: 0, Errors: 0, Skipped: 0, Time elapsed: 8.943 s - in org.apache.hadoop.hdds.scm.safemode.TestSafeModeHandler
[INFO] Running org.apache.hadoop.hdds.scm.safemode.TestSCMSafeModeManager
[ERROR] Tests run: 11, Failures: 1, Errors: 0, Skipped: 0, Time elapsed: 10.826 s <<< FAILURE! - in org.apache.hadoop.hdds.scm.safemode.TestSCMSafeModeManager
[ERROR] testSafeModeExitRuleWithPipelineAvailabilityCheck(org.apache.hadoop.hdds.scm.safemode.TestSCMSafeModeManager)  Time elapsed: 8.003 s  <<< FAILURE!
java.lang.AssertionError: expected:<9> but was:<8>
	at org.junit.Assert.fail(Assert.java:88)
	at org.junit.Assert.failNotEquals(Assert.java:743)
	at org.junit.Assert.assertEquals(Assert.java:118)
	at org.junit.Assert.assertEquals(Assert.java:555)
	at org.junit.Assert.assertEquals(Assert.java:542)
	at org.apache.hadoop.hdds.scm.safemode.TestSCMSafeModeManager.testSafeModeExitRuleWithPipelineAvailabilityCheck(TestSCMSafeModeManager.java:316)
	at org.apache.hadoop.hdds.scm.safemode.TestSCMSafeModeManager.testSafeModeExitRuleWithPipelineAvailabilityCheck(TestSCMSafeModeManager.java:183)
	at sun.reflect.NativeMethodAccessorImpl.invoke0(Native Method)
	at sun.reflect.NativeMethodAccessorImpl.invoke(NativeMethodAccessorImpl.java:62)
	at sun.reflect.DelegatingMethodAccessorImpl.invoke(DelegatingMethodAccessorImpl.java:43)
	at java.lang.reflect.Method.invoke(Method.java:498)
	at org.junit.runners.model.FrameworkMethod$1.runReflectiveCall(FrameworkMethod.java:47)
	at org.junit.internal.runners.model.ReflectiveCallable.run(ReflectiveCallable.java:12)
	at org.junit.runners.model.FrameworkMethod.invokeExplosively(FrameworkMethod.java:44)
	at org.junit.internal.runners.statements.InvokeMethod.evaluate(InvokeMethod.java:17)
	at org.junit.internal.runners.statements.FailOnTimeout$StatementThread.run(FailOnTimeout.java:74)

[INFO] Running org.apache.hadoop.hdds.scm.TestHddsServerUtils
[INFO] Tests run: 11, Failures: 0, Errors: 0, Skipped: 0, Time elapsed: 0.683 s - in org.apache.hadoop.hdds.scm.TestHddsServerUtils
[INFO] Running org.apache.hadoop.hdds.scm.TestStorageContainerManagerHttpServer
[INFO] Tests run: 3, Failures: 0, Errors: 0, Skipped: 0, Time elapsed: 2.458 s - in org.apache.hadoop.hdds.scm.TestStorageContainerManagerHttpServer
[INFO] Running org.apache.hadoop.hdds.scm.block.TestDeletedBlockLog
[INFO] Tests run: 5, Failures: 0, Errors: 0, Skipped: 0, Time elapsed: 17.455 s - in org.apache.hadoop.hdds.scm.block.TestDeletedBlockLog
[INFO] Running org.apache.hadoop.hdds.scm.block.TestBlockManager
[INFO] Tests run: 8, Failures: 0, Errors: 0, Skipped: 0, Time elapsed: 9.542 s - in org.apache.hadoop.hdds.scm.block.TestBlockManager
[INFO] Running org.apache.hadoop.hdds.scm.node.TestSCMNodeManager
/workdir/hadoop-ozone/dev-support/checks/unit.sh: line 20:    44 Killed                  mvn -B -fn test -f pom.ozone.xml -pl \!:hadoop-ozone-integration-test,\!:hadoop-ozone-filesystem,\!:hadoop-ozone-tools
org.apache.hadoop.hdds.scm.safemode.TestSCMSafeModeManager
